2025-06-20 12:22:06,568 [INFO] Starting Trading Analytics Calculator...
2025-06-20 12:22:06,568 [INFO] Starting analytics calculation for all records...
2025-06-20 12:22:08,224 [INFO] Retrieved 6 records for analysis
2025-06-20 12:22:08,224 [INFO] Processing record 21 (ID: rec2eh0wnklFg557H)
2025-06-20 12:22:08,431 [ERROR] Error processing record rec2eh0wnklFg557H: ('422 Client Error: Unprocessable Entity for url: https://api.airtable.com/v0/appuiViKgTeYs6phe/OANDA%20Orders%20%26%20Executions/rec2eh0wnklFg557H', '{\'type\': \'INVALID_VALUE_FOR_COLUMN\', \'message\': \'Field "R:R Ratio" cannot accept a value because the field is computed\'}')
2025-06-20 12:22:08,431 [INFO] Processing record 4 (ID: rec8dR5yIHSf7X0lZ)
2025-06-20 12:22:08,623 [ERROR] Error processing record rec8dR5yIHSf7X0lZ: ('422 Client Error: Unprocessable Entity for url: https://api.airtable.com/v0/appuiViKgTeYs6phe/OANDA%20Orders%20%26%20Executions/rec8dR5yIHSf7X0lZ', '{\'type\': \'INVALID_VALUE_FOR_COLUMN\', \'message\': \'Field "R:R Ratio" cannot accept a value because the field is computed\'}')
2025-06-20 12:22:08,623 [INFO] Processing record 13 (ID: recMIZkuJscu59YZk)
2025-06-20 12:22:08,831 [ERROR] Error processing record recMIZkuJscu59YZk: ('422 Client Error: Unprocessable Entity for url: https://api.airtable.com/v0/appuiViKgTeYs6phe/OANDA%20Orders%20%26%20Executions/recMIZkuJscu59YZk', '{\'type\': \'INVALID_VALUE_FOR_COLUMN\', \'message\': \'Field "R:R Ratio" cannot accept a value because the field is computed\'}')
2025-06-20 12:22:08,831 [INFO] Processing record 19 (ID: recVVegK7d5IG01wk)
2025-06-20 12:22:09,031 [ERROR] Error processing record recVVegK7d5IG01wk: ('422 Client Error: Unprocessable Entity for url: https://api.airtable.com/v0/appuiViKgTeYs6phe/OANDA%20Orders%20%26%20Executions/recVVegK7d5IG01wk', '{\'type\': \'INVALID_VALUE_FOR_COLUMN\', \'message\': \'Field "R:R Ratio" cannot accept a value because the field is computed\'}')
2025-06-20 12:22:09,031 [INFO] Processing record 15 (ID: recWVnNmTTliaiPut)
2025-06-20 12:22:09,238 [ERROR] Error processing record recWVnNmTTliaiPut: ('422 Client Error: Unprocessable Entity for url: https://api.airtable.com/v0/appuiViKgTeYs6phe/OANDA%20Orders%20%26%20Executions/recWVnNmTTliaiPut', '{\'type\': \'INVALID_VALUE_FOR_COLUMN\', \'message\': \'Field "R:R Ratio" cannot accept a value because the field is computed\'}')
2025-06-20 12:22:09,238 [INFO] Processing record 12 (ID: rectOyZ5VfXU4nZh1)
2025-06-20 12:22:09,434 [ERROR] Error processing record rectOyZ5VfXU4nZh1: ('422 Client Error: Unprocessable Entity for url: https://api.airtable.com/v0/appuiViKgTeYs6phe/OANDA%20Orders%20%26%20Executions/rectOyZ5VfXU4nZh1', '{\'type\': \'INVALID_VALUE_FOR_COLUMN\', \'message\': \'Field "R:R Ratio" cannot accept a value because the field is computed\'}')
2025-06-20 12:22:09,434 [INFO] Analytics calculation completed. Updated: 0, Errors: 6
2025-06-20 12:22:09,434 [ERROR] Failed to process all records
2025-06-20 12:22:09,434 [INFO] Generating summary statistics...
2025-06-20 12:22:09,621 [INFO] ==================================================
2025-06-20 12:22:09,623 [INFO] TRADING ANALYTICS SUMMARY
2025-06-20 12:22:09,623 [INFO] ==================================================
2025-06-20 12:22:09,623 [INFO] Total Orders: 6
2025-06-20 12:22:09,623 [INFO] Filled: 2 | Cancelled: 3 | Pending: 1
2025-06-20 12:22:09,623 [INFO] Hit Rate: 40.0% (2/5)
2025-06-20 12:22:09,623 [INFO] Trade Results: 0 Wins | 1 Losses | 5 Breakevens
2025-06-20 12:22:09,623 [INFO] Win Rate: 0.0% (0/1)
2025-06-20 12:22:09,625 [INFO] Total P/L: $-9.47
2025-06-20 12:22:09,625 [INFO] Total Risk: $25.59
2025-06-20 12:22:09,625 [INFO] Risk-Adjusted Return: -37.0%
2025-06-20 12:22:09,625 [INFO] ==================================================
2025-06-20 12:22:09,625 [ERROR] Analytics calculation completed with errors
2025-06-20 13:33:00,665 [INFO] Starting Trading Analytics Calculator...
2025-06-20 13:33:00,665 [INFO] Starting analytics calculation for all records...
2025-06-20 13:33:01,302 [INFO] Retrieved 6 records for analysis
2025-06-20 13:33:01,302 [INFO] Processing record 21 (ID: rec2eh0wnklFg557H)
2025-06-20 13:33:01,302 [INFO] Calculated metrics for record: {'R:R Ratio Calculated': 0, 'Risk Amount Calculated': 0, 'Position Size % Calculated': 0, 'Risk Per Trade % Calculated': 0, 'ROI Calculated': 0, 'Pips Gained/Lost Calculated': 0, 'Days Held Calculated': 0, 'Trade Result Calculated': 'Open', 'Fill Rate Calculated': 'Cancelled'}
2025-06-20 13:33:01,919 [INFO] Updated record 21 with calculated metrics: ['R:R Ratio Calculated', 'Risk Amount Calculated', 'Position Size % Calculated', 'Risk Per Trade % Calculated', 'ROI Calculated', 'Pips Gained/Lost Calculated', 'Days Held Calculated', 'Trade Result Calculated', 'Fill Rate Calculated']
2025-06-20 13:33:01,921 [INFO] Processing record 4 (ID: rec8dR5yIHSf7X0lZ)
2025-06-20 13:33:01,921 [INFO] Calculated metrics for record: {'R:R Ratio Calculated': 3.88, 'Risk Amount Calculated': 9.41, 'Position Size % Calculated': 0.01, 'Risk Per Trade % Calculated': 0.01, 'ROI Calculated': -100.62, 'Pips Gained/Lost Calculated': -33.2, 'Days Held Calculated': 0.0, 'Trade Result Calculated': 'Loss', 'Fill Rate Calculated': 'Filled'}
2025-06-20 13:33:02,227 [INFO] Updated record 4 with calculated metrics: ['R:R Ratio Calculated', 'Risk Amount Calculated', 'Position Size % Calculated', 'Risk Per Trade % Calculated', 'ROI Calculated', 'Pips Gained/Lost Calculated', 'Days Held Calculated', 'Trade Result Calculated', 'Fill Rate Calculated']
2025-06-20 13:33:02,227 [INFO] Processing record 13 (ID: recMIZkuJscu59YZk)
2025-06-20 13:33:02,227 [INFO] Calculated metrics for record: {'R:R Ratio Calculated': 0, 'Risk Amount Calculated': 0, 'Position Size % Calculated': 0, 'Risk Per Trade % Calculated': 0, 'ROI Calculated': 0, 'Pips Gained/Lost Calculated': 0, 'Days Held Calculated': 0, 'Trade Result Calculated': 'Open', 'Fill Rate Calculated': 'Cancelled'}
2025-06-20 13:33:02,531 [INFO] Updated record 13 with calculated metrics: ['R:R Ratio Calculated', 'Risk Amount Calculated', 'Position Size % Calculated', 'Risk Per Trade % Calculated', 'ROI Calculated', 'Pips Gained/Lost Calculated', 'Days Held Calculated', 'Trade Result Calculated', 'Fill Rate Calculated']
2025-06-20 13:33:02,531 [INFO] Processing record 19 (ID: recVVegK7d5IG01wk)
2025-06-20 13:33:02,531 [INFO] Calculated metrics for record: {'R:R Ratio Calculated': 0, 'Risk Amount Calculated': 0, 'Position Size % Calculated': 0, 'Risk Per Trade % Calculated': 0, 'ROI Calculated': 0, 'Pips Gained/Lost Calculated': 0, 'Days Held Calculated': 0, 'Trade Result Calculated': 'Open', 'Fill Rate Calculated': 'Cancelled'}
2025-06-20 13:33:02,838 [INFO] Updated record 19 with calculated metrics: ['R:R Ratio Calculated', 'Risk Amount Calculated', 'Position Size % Calculated', 'Risk Per Trade % Calculated', 'ROI Calculated', 'Pips Gained/Lost Calculated', 'Days Held Calculated', 'Trade Result Calculated', 'Fill Rate Calculated']
2025-06-20 13:33:02,840 [INFO] Processing record 15 (ID: recWVnNmTTliaiPut)
2025-06-20 13:33:02,840 [INFO] Calculated metrics for record: {'R:R Ratio Calculated': 2.52, 'Risk Amount Calculated': 16.18, 'Position Size % Calculated': 0.02, 'Risk Per Trade % Calculated': 0.02, 'ROI Calculated': 0.0, 'Pips Gained/Lost Calculated': 0, 'Days Held Calculated': 0.0, 'Trade Result Calculated': 'Open', 'Fill Rate Calculated': 'Filled'}
2025-06-20 13:33:03,072 [INFO] Updated record 15 with calculated metrics: ['R:R Ratio Calculated', 'Risk Amount Calculated', 'Position Size % Calculated', 'Risk Per Trade % Calculated', 'ROI Calculated', 'Pips Gained/Lost Calculated', 'Days Held Calculated', 'Trade Result Calculated', 'Fill Rate Calculated']
2025-06-20 13:33:03,076 [INFO] Processing record 12 (ID: rectOyZ5VfXU4nZh1)
2025-06-20 13:33:03,077 [INFO] Calculated metrics for record: {'R:R Ratio Calculated': 0, 'Risk Amount Calculated': 0, 'Position Size % Calculated': 0, 'Risk Per Trade % Calculated': 0, 'ROI Calculated': 0, 'Pips Gained/Lost Calculated': 0, 'Days Held Calculated': 0, 'Trade Result Calculated': 'Open', 'Fill Rate Calculated': 'Pending'}
2025-06-20 13:33:03,353 [INFO] Updated record 12 with calculated metrics: ['R:R Ratio Calculated', 'Risk Amount Calculated', 'Position Size % Calculated', 'Risk Per Trade % Calculated', 'ROI Calculated', 'Pips Gained/Lost Calculated', 'Days Held Calculated', 'Trade Result Calculated', 'Fill Rate Calculated']
2025-06-20 13:33:03,353 [INFO] Analytics calculation completed. Updated: 6, Errors: 0
2025-06-20 13:33:03,354 [INFO] Generating summary statistics...
2025-06-20 13:33:03,545 [INFO] ==================================================
2025-06-20 13:33:03,545 [INFO] TRADING ANALYTICS SUMMARY
2025-06-20 13:33:03,545 [INFO] ==================================================
2025-06-20 13:33:03,545 [INFO] Total Orders: 6
2025-06-20 13:33:03,545 [INFO] Filled: 2 | Cancelled: 3 | Pending: 1
2025-06-20 13:33:03,545 [INFO] Hit Rate: 40.0% (2/5)
2025-06-20 13:33:03,557 [INFO] Trade Results: 0 Wins | 1 Losses | 5 Breakevens
2025-06-20 13:33:03,557 [INFO] Win Rate: 0.0% (0/1)
2025-06-20 13:33:03,557 [INFO] Total P/L: $-9.47
2025-06-20 13:33:03,557 [INFO] Total Risk: $25.59
2025-06-20 13:33:03,557 [INFO] Risk-Adjusted Return: -37.0%
2025-06-20 13:33:03,557 [INFO] ==================================================
2025-06-20 13:33:03,557 [INFO] Analytics calculation completed successfully!
2025-06-26 14:55:52,697 [INFO] Starting Trading Analytics Calculator...
2025-06-26 14:55:52,697 [INFO] Starting analytics calculation for all records...
2025-06-26 14:55:53,191 [INFO] Retrieved 54 records for analysis
2025-06-26 14:55:53,191 [INFO] Processing record 21 (ID: rec2eh0wnklFg557H)
2025-06-26 14:55:53,191 [INFO] Calculated metrics for record: {'R:R Ratio Calculated': 0, 'Risk Amount Calculated': 0, 'Position Size % Calculated': 0, 'Risk Per Trade % Calculated': 0, 'ROI Calculated': 0, 'Pips Gained/Lost Calculated': 0, 'Days Held Calculated': 0, 'Trade Result Calculated': 'Open', 'Fill Rate Calculated': 'Cancelled'}
2025-06-26 14:55:53,432 [INFO] Updated record 21 with calculated metrics: ['R:R Ratio Calculated', 'Risk Amount Calculated', 'Position Size % Calculated', 'Risk Per Trade % Calculated', 'ROI Calculated', 'Pips Gained/Lost Calculated', 'Days Held Calculated', 'Trade Result Calculated', 'Fill Rate Calculated']
2025-06-26 14:55:53,432 [INFO] Processing record 171 (ID: rec39MG83rKgxxyj3)
2025-06-26 14:55:53,432 [INFO] Calculated metrics for record: {'R:R Ratio Calculated': 0, 'Risk Amount Calculated': 0, 'Position Size % Calculated': 0, 'Risk Per Trade % Calculated': 0, 'ROI Calculated': 0, 'Pips Gained/Lost Calculated': 0, 'Days Held Calculated': 0, 'Trade Result Calculated': 'Open', 'Fill Rate Calculated': 'Cancelled'}
2025-06-26 14:55:53,720 [INFO] Updated record 171 with calculated metrics: ['R:R Ratio Calculated', 'Risk Amount Calculated', 'Position Size % Calculated', 'Risk Per Trade % Calculated', 'ROI Calculated', 'Pips Gained/Lost Calculated', 'Days Held Calculated', 'Trade Result Calculated', 'Fill Rate Calculated']
2025-06-26 14:55:53,720 [INFO] Processing record 44 (ID: rec3UW2aTrHqMZ12E)
2025-06-26 14:55:53,720 [INFO] Calculated metrics for record: {'R:R Ratio Calculated': 5.03, 'Risk Amount Calculated': 1.99, 'Position Size % Calculated': 0.0, 'Risk Per Trade % Calculated': 0.0, 'ROI Calculated': 503.02, 'Pips Gained/Lost Calculated': 100.1, 'Days Held Calculated': 0.91, 'Trade Result Calculated': 'Win', 'Fill Rate Calculated': 'Filled'}
2025-06-26 14:55:53,960 [INFO] Updated record 44 with calculated metrics: ['R:R Ratio Calculated', 'Risk Amount Calculated', 'Position Size % Calculated', 'Risk Per Trade % Calculated', 'ROI Calculated', 'Pips Gained/Lost Calculated', 'Days Held Calculated', 'Trade Result Calculated', 'Fill Rate Calculated']
2025-06-26 14:55:53,960 [INFO] Processing record 49 (ID: rec3cEj77ZV2CsfvV)
2025-06-26 14:55:53,960 [INFO] Calculated metrics for record: {'R:R Ratio Calculated': 0, 'Risk Amount Calculated': 0, 'Position Size % Calculated': 0, 'Risk Per Trade % Calculated': 0, 'ROI Calculated': 0, 'Pips Gained/Lost Calculated': 0, 'Days Held Calculated': 0, 'Trade Result Calculated': 'Open', 'Fill Rate Calculated': 'Pending'}
2025-06-26 14:55:54,264 [INFO] Updated record 49 with calculated metrics: ['R:R Ratio Calculated', 'Risk Amount Calculated', 'Position Size % Calculated', 'Risk Per Trade % Calculated', 'ROI Calculated', 'Pips Gained/Lost Calculated', 'Days Held Calculated', 'Trade Result Calculated', 'Fill Rate Calculated']
2025-06-26 14:55:54,264 [INFO] Processing record 43 (ID: rec4NBxrnLtzVxpFU)
2025-06-26 14:55:54,264 [INFO] Calculated metrics for record: {'R:R Ratio Calculated': 5.0, 'Risk Amount Calculated': 2.0, 'Position Size % Calculated': 0.0, 'Risk Per Trade % Calculated': 0.0, 'ROI Calculated': 500.0, 'Pips Gained/Lost Calculated': 100.0, 'Days Held Calculated': 0.72, 'Trade Result Calculated': 'Win', 'Fill Rate Calculated': 'Filled'}
2025-06-26 14:55:54,489 [INFO] Updated record 43 with calculated metrics: ['R:R Ratio Calculated', 'Risk Amount Calculated', 'Position Size % Calculated', 'Risk Per Trade % Calculated', 'ROI Calculated', 'Pips Gained/Lost Calculated', 'Days Held Calculated', 'Trade Result Calculated', 'Fill Rate Calculated']
2025-06-26 14:55:54,489 [INFO] Processing record 155 (ID: rec4oXvWbBsyJgl6S)
2025-06-26 14:55:54,489 [INFO] Calculated metrics for record: {'R:R Ratio Calculated': 0, 'Risk Amount Calculated': 0, 'Position Size % Calculated': 0, 'Risk Per Trade % Calculated': 0, 'ROI Calculated': 0, 'Pips Gained/Lost Calculated': 0, 'Days Held Calculated': 0, 'Trade Result Calculated': 'Open', 'Fill Rate Calculated': 'Cancelled'}
2025-06-26 14:55:54,744 [INFO] Updated record 155 with calculated metrics: ['R:R Ratio Calculated', 'Risk Amount Calculated', 'Position Size % Calculated', 'Risk Per Trade % Calculated', 'ROI Calculated', 'Pips Gained/Lost Calculated', 'Days Held Calculated', 'Trade Result Calculated', 'Fill Rate Calculated']
2025-06-26 14:55:54,744 [INFO] Processing record 182 (ID: rec5VAEDecwocOHWO)
2025-06-26 14:55:54,744 [INFO] Calculated metrics for record: {'R:R Ratio Calculated': 0, 'Risk Amount Calculated': 0, 'Position Size % Calculated': 0, 'Risk Per Trade % Calculated': 0, 'ROI Calculated': 0, 'Pips Gained/Lost Calculated': 0, 'Days Held Calculated': 0, 'Trade Result Calculated': 'Open', 'Fill Rate Calculated': 'Pending'}
2025-06-26 14:55:55,049 [INFO] Updated record 182 with calculated metrics: ['R:R Ratio Calculated', 'Risk Amount Calculated', 'Position Size % Calculated', 'Risk Per Trade % Calculated', 'ROI Calculated', 'Pips Gained/Lost Calculated', 'Days Held Calculated', 'Trade Result Calculated', 'Fill Rate Calculated']
2025-06-26 14:55:55,049 [INFO] Processing record 154 (ID: rec5fwQwTph0JQkch)
2025-06-26 14:55:55,049 [INFO] Calculated metrics for record: {'R:R Ratio Calculated': 0, 'Risk Amount Calculated': 0, 'Position Size % Calculated': 0, 'Risk Per Trade % Calculated': 0, 'ROI Calculated': 0, 'Pips Gained/Lost Calculated': 0, 'Days Held Calculated': 0, 'Trade Result Calculated': 'Open', 'Fill Rate Calculated': 'Pending'}
2025-06-26 14:55:55,291 [INFO] Updated record 154 with calculated metrics: ['R:R Ratio Calculated', 'Risk Amount Calculated', 'Position Size % Calculated', 'Risk Per Trade % Calculated', 'ROI Calculated', 'Pips Gained/Lost Calculated', 'Days Held Calculated', 'Trade Result Calculated', 'Fill Rate Calculated']
2025-06-26 14:55:55,291 [INFO] Processing record 73 (ID: rec5mGRzrSZ073X2r)
2025-06-26 14:55:55,291 [INFO] Calculated metrics for record: {'R:R Ratio Calculated': 0, 'Risk Amount Calculated': 0, 'Position Size % Calculated': 0, 'Risk Per Trade % Calculated': 0, 'ROI Calculated': 0, 'Pips Gained/Lost Calculated': 0, 'Days Held Calculated': 0, 'Trade Result Calculated': 'Open', 'Fill Rate Calculated': 'Pending'}
2025-06-26 14:55:55,576 [INFO] Updated record 73 with calculated metrics: ['R:R Ratio Calculated', 'Risk Amount Calculated', 'Position Size % Calculated', 'Risk Per Trade % Calculated', 'ROI Calculated', 'Pips Gained/Lost Calculated', 'Days Held Calculated', 'Trade Result Calculated', 'Fill Rate Calculated']
2025-06-26 14:55:55,576 [INFO] Processing record 120 (ID: rec6T1XT83VKdPqbU)
2025-06-26 14:55:55,576 [INFO] Calculated metrics for record: {'R:R Ratio Calculated': 0, 'Risk Amount Calculated': 0, 'Position Size % Calculated': 0, 'Risk Per Trade % Calculated': 0, 'ROI Calculated': 0, 'Pips Gained/Lost Calculated': 0, 'Days Held Calculated': 0, 'Trade Result Calculated': 'Open', 'Fill Rate Calculated': 'Pending'}
2025-06-26 14:55:55,835 [INFO] Updated record 120 with calculated metrics: ['R:R Ratio Calculated', 'Risk Amount Calculated', 'Position Size % Calculated', 'Risk Per Trade % Calculated', 'ROI Calculated', 'Pips Gained/Lost Calculated', 'Days Held Calculated', 'Trade Result Calculated', 'Fill Rate Calculated']
2025-06-26 14:55:55,835 [INFO] Processing record 117 (ID: rec7XEwNXRSpBLnk5)
2025-06-26 14:55:55,835 [INFO] Calculated metrics for record: {'R:R Ratio Calculated': 0, 'Risk Amount Calculated': 0, 'Position Size % Calculated': 0, 'Risk Per Trade % Calculated': 0, 'ROI Calculated': 0, 'Pips Gained/Lost Calculated': 0, 'Days Held Calculated': 0, 'Trade Result Calculated': 'Open', 'Fill Rate Calculated': 'Pending'}
2025-06-26 14:55:56,084 [INFO] Updated record 117 with calculated metrics: ['R:R Ratio Calculated', 'Risk Amount Calculated', 'Position Size % Calculated', 'Risk Per Trade % Calculated', 'ROI Calculated', 'Pips Gained/Lost Calculated', 'Days Held Calculated', 'Trade Result Calculated', 'Fill Rate Calculated']
2025-06-26 14:55:56,084 [INFO] Processing record 25 (ID: rec8PFwHDjT7V331j)
2025-06-26 14:55:56,084 [INFO] Calculated metrics for record: {'R:R Ratio Calculated': 1.03, 'Risk Amount Calculated': 9.32, 'Position Size % Calculated': 0.01, 'Risk Per Trade % Calculated': 0.01, 'ROI Calculated': 0.0, 'Pips Gained/Lost Calculated': 0, 'Days Held Calculated': 2.38, 'Trade Result Calculated': 'Open', 'Fill Rate Calculated': 'Filled'}
2025-06-26 14:55:56,357 [INFO] Updated record 25 with calculated metrics: ['R:R Ratio Calculated', 'Risk Amount Calculated', 'Position Size % Calculated', 'Risk Per Trade % Calculated', 'ROI Calculated', 'Pips Gained/Lost Calculated', 'Days Held Calculated', 'Trade Result Calculated', 'Fill Rate Calculated']
2025-06-26 14:55:56,357 [INFO] Processing record 4 (ID: rec8dR5yIHSf7X0lZ)
2025-06-26 14:55:56,357 [INFO] Calculated metrics for record: {'R:R Ratio Calculated': 3.88, 'Risk Amount Calculated': 9.41, 'Position Size % Calculated': 0.01, 'Risk Per Trade % Calculated': 0.01, 'ROI Calculated': -100.62, 'Pips Gained/Lost Calculated': -33.2, 'Days Held Calculated': 0.0, 'Trade Result Calculated': 'Loss', 'Fill Rate Calculated': 'Filled'}
2025-06-26 14:55:56,549 [INFO] Updated record 4 with calculated metrics: ['R:R Ratio Calculated', 'Risk Amount Calculated', 'Position Size % Calculated', 'Risk Per Trade % Calculated', 'ROI Calculated', 'Pips Gained/Lost Calculated', 'Days Held Calculated', 'Trade Result Calculated', 'Fill Rate Calculated']
2025-06-26 14:55:56,549 [INFO] Processing record 157 (ID: rec9ti5DwQKva2VGA)
2025-06-26 14:55:56,549 [INFO] Calculated metrics for record: {'R:R Ratio Calculated': 0, 'Risk Amount Calculated': 0, 'Position Size % Calculated': 0, 'Risk Per Trade % Calculated': 0, 'ROI Calculated': 0, 'Pips Gained/Lost Calculated': 0, 'Days Held Calculated': 0, 'Trade Result Calculated': 'Open', 'Fill Rate Calculated': 'Pending'}
2025-06-26 14:55:56,784 [INFO] Updated record 157 with calculated metrics: ['R:R Ratio Calculated', 'Risk Amount Calculated', 'Position Size % Calculated', 'Risk Per Trade % Calculated', 'ROI Calculated', 'Pips Gained/Lost Calculated', 'Days Held Calculated', 'Trade Result Calculated', 'Fill Rate Calculated']
2025-06-26 14:55:56,785 [INFO] Processing record 123 (ID: recErPp277vgYUgRS)
2025-06-26 14:55:56,785 [INFO] Calculated metrics for record: {'R:R Ratio Calculated': 0, 'Risk Amount Calculated': 0, 'Position Size % Calculated': 0, 'Risk Per Trade % Calculated': 0, 'ROI Calculated': 0, 'Pips Gained/Lost Calculated': 0, 'Days Held Calculated': 0, 'Trade Result Calculated': 'Open', 'Fill Rate Calculated': 'Cancelled'}
2025-06-26 14:55:57,071 [INFO] Updated record 123 with calculated metrics: ['R:R Ratio Calculated', 'Risk Amount Calculated', 'Position Size % Calculated', 'Risk Per Trade % Calculated', 'ROI Calculated', 'Pips Gained/Lost Calculated', 'Days Held Calculated', 'Trade Result Calculated', 'Fill Rate Calculated']
2025-06-26 14:55:57,073 [INFO] Processing record 99 (ID: recGw5siKFNRMlleN)
2025-06-26 14:55:57,073 [INFO] Calculated metrics for record: {'R:R Ratio Calculated': 0, 'Risk Amount Calculated': 0, 'Position Size % Calculated': 0, 'Risk Per Trade % Calculated': 0, 'ROI Calculated': 0, 'Pips Gained/Lost Calculated': 0, 'Days Held Calculated': 0, 'Trade Result Calculated': 'Open', 'Fill Rate Calculated': 'Pending'}
2025-06-26 14:55:57,316 [INFO] Updated record 99 with calculated metrics: ['R:R Ratio Calculated', 'Risk Amount Calculated', 'Position Size % Calculated', 'Risk Per Trade % Calculated', 'ROI Calculated', 'Pips Gained/Lost Calculated', 'Days Held Calculated', 'Trade Result Calculated', 'Fill Rate Calculated']
2025-06-26 14:55:57,316 [INFO] Processing record 113 (ID: recJVO7uKXdAmgF6h)
2025-06-26 14:55:57,316 [INFO] Calculated metrics for record: {'R:R Ratio Calculated': 3.73, 'Risk Amount Calculated': 10.6, 'Position Size % Calculated': 0.01, 'Risk Per Trade % Calculated': 0.01, 'ROI Calculated': -100.0, 'Pips Gained/Lost Calculated': -21.2, 'Days Held Calculated': 0.0, 'Trade Result Calculated': 'Loss', 'Fill Rate Calculated': 'Filled'}
2025-06-26 14:55:57,537 [INFO] Updated record 113 with calculated metrics: ['R:R Ratio Calculated', 'Risk Amount Calculated', 'Position Size % Calculated', 'Risk Per Trade % Calculated', 'ROI Calculated', 'Pips Gained/Lost Calculated', 'Days Held Calculated', 'Trade Result Calculated', 'Fill Rate Calculated']
2025-06-26 14:55:57,538 [INFO] Processing record 75 (ID: recK7yc73Lb9a2Uxk)
2025-06-26 14:55:57,538 [INFO] Calculated metrics for record: {'R:R Ratio Calculated': 0, 'Risk Amount Calculated': 0, 'Position Size % Calculated': 0, 'Risk Per Trade % Calculated': 0, 'ROI Calculated': 0, 'Pips Gained/Lost Calculated': 0, 'Days Held Calculated': 0, 'Trade Result Calculated': 'Open', 'Fill Rate Calculated': 'Pending'}
2025-06-26 14:55:57,744 [INFO] Updated record 75 with calculated metrics: ['R:R Ratio Calculated', 'Risk Amount Calculated', 'Position Size % Calculated', 'Risk Per Trade % Calculated', 'ROI Calculated', 'Pips Gained/Lost Calculated', 'Days Held Calculated', 'Trade Result Calculated', 'Fill Rate Calculated']
2025-06-26 14:55:57,744 [INFO] Processing record 59 (ID: recKeKBuHZqMqbry1)
2025-06-26 14:55:57,744 [INFO] Calculated metrics for record: {'R:R Ratio Calculated': 4.67, 'Risk Amount Calculated': 14.42, 'Position Size % Calculated': 0.01, 'Risk Per Trade % Calculated': 0.01, 'ROI Calculated': -73.27, 'Pips Gained/Lost Calculated': -20.6, 'Days Held Calculated': 0.0, 'Trade Result Calculated': 'Loss', 'Fill Rate Calculated': 'Filled'}
2025-06-26 14:55:57,986 [INFO] Updated record 59 with calculated metrics: ['R:R Ratio Calculated', 'Risk Amount Calculated', 'Position Size % Calculated', 'Risk Per Trade % Calculated', 'ROI Calculated', 'Pips Gained/Lost Calculated', 'Days Held Calculated', 'Trade Result Calculated', 'Fill Rate Calculated']
2025-06-26 14:55:57,986 [INFO] Processing record 183 (ID: recKyjB2F0NWulZP6)
2025-06-26 14:55:57,986 [INFO] Calculated metrics for record: {'R:R Ratio Calculated': 0, 'Risk Amount Calculated': 0, 'Position Size % Calculated': 0, 'Risk Per Trade % Calculated': 0, 'ROI Calculated': 0, 'Pips Gained/Lost Calculated': 0, 'Days Held Calculated': 0, 'Trade Result Calculated': 'Open', 'Fill Rate Calculated': 'Pending'}
2025-06-26 14:55:58,191 [INFO] Updated record 183 with calculated metrics: ['R:R Ratio Calculated', 'Risk Amount Calculated', 'Position Size % Calculated', 'Risk Per Trade % Calculated', 'ROI Calculated', 'Pips Gained/Lost Calculated', 'Days Held Calculated', 'Trade Result Calculated', 'Fill Rate Calculated']
2025-06-26 14:55:58,191 [INFO] Processing record 13 (ID: recMIZkuJscu59YZk)
2025-06-26 14:55:58,191 [INFO] Calculated metrics for record: {'R:R Ratio Calculated': 0, 'Risk Amount Calculated': 0, 'Position Size % Calculated': 0, 'Risk Per Trade % Calculated': 0, 'ROI Calculated': 0, 'Pips Gained/Lost Calculated': 0, 'Days Held Calculated': 0, 'Trade Result Calculated': 'Open', 'Fill Rate Calculated': 'Cancelled'}
2025-06-26 14:55:58,399 [INFO] Updated record 13 with calculated metrics: ['R:R Ratio Calculated', 'Risk Amount Calculated', 'Position Size % Calculated', 'Risk Per Trade % Calculated', 'ROI Calculated', 'Pips Gained/Lost Calculated', 'Days Held Calculated', 'Trade Result Calculated', 'Fill Rate Calculated']
2025-06-26 14:55:58,399 [INFO] Processing record 130 (ID: recMNcYextI4sbzxp)
2025-06-26 14:55:58,399 [INFO] Calculated metrics for record: {'R:R Ratio Calculated': 0, 'Risk Amount Calculated': 0, 'Position Size % Calculated': 0, 'Risk Per Trade % Calculated': 0, 'ROI Calculated': 0, 'Pips Gained/Lost Calculated': 0, 'Days Held Calculated': 0, 'Trade Result Calculated': 'Open', 'Fill Rate Calculated': 'Pending'}
2025-06-26 14:55:58,607 [INFO] Updated record 130 with calculated metrics: ['R:R Ratio Calculated', 'Risk Amount Calculated', 'Position Size % Calculated', 'Risk Per Trade % Calculated', 'ROI Calculated', 'Pips Gained/Lost Calculated', 'Days Held Calculated', 'Trade Result Calculated', 'Fill Rate Calculated']
2025-06-26 14:55:58,607 [INFO] Processing record 164 (ID: recMaiEdUV26FF3yE)
2025-06-26 14:55:58,607 [INFO] Calculated metrics for record: {'R:R Ratio Calculated': 42.1, 'Risk Amount Calculated': 0.87, 'Position Size % Calculated': 0.0, 'Risk Per Trade % Calculated': 0.0, 'ROI Calculated': -100.0, 'Pips Gained/Lost Calculated': -2.9, 'Days Held Calculated': 0.0, 'Trade Result Calculated': 'Loss', 'Fill Rate Calculated': 'Filled'}
2025-06-26 14:55:58,884 [INFO] Updated record 164 with calculated metrics: ['R:R Ratio Calculated', 'Risk Amount Calculated', 'Position Size % Calculated', 'Risk Per Trade % Calculated', 'ROI Calculated', 'Pips Gained/Lost Calculated', 'Days Held Calculated', 'Trade Result Calculated', 'Fill Rate Calculated']
2025-06-26 14:55:58,884 [INFO] Processing record 152 (ID: recMmpMVQcW5thQus)
2025-06-26 14:55:58,884 [INFO] Calculated metrics for record: {'R:R Ratio Calculated': 0, 'Risk Amount Calculated': 0, 'Position Size % Calculated': 0, 'Risk Per Trade % Calculated': 0, 'ROI Calculated': 0, 'Pips Gained/Lost Calculated': 0, 'Days Held Calculated': 0, 'Trade Result Calculated': 'Open', 'Fill Rate Calculated': 'Cancelled'}
2025-06-26 14:55:59,120 [INFO] Updated record 152 with calculated metrics: ['R:R Ratio Calculated', 'Risk Amount Calculated', 'Position Size % Calculated', 'Risk Per Trade % Calculated', 'ROI Calculated', 'Pips Gained/Lost Calculated', 'Days Held Calculated', 'Trade Result Calculated', 'Fill Rate Calculated']
2025-06-26 14:55:59,120 [INFO] Processing record 181 (ID: recMn4Yzvv1bzVSw7)
2025-06-26 14:55:59,120 [INFO] Calculated metrics for record: {'R:R Ratio Calculated': 0, 'Risk Amount Calculated': 0, 'Position Size % Calculated': 0, 'Risk Per Trade % Calculated': 0, 'ROI Calculated': 0, 'Pips Gained/Lost Calculated': 0, 'Days Held Calculated': 0, 'Trade Result Calculated': 'Open', 'Fill Rate Calculated': 'Pending'}
2025-06-26 14:55:59,358 [INFO] Updated record 181 with calculated metrics: ['R:R Ratio Calculated', 'Risk Amount Calculated', 'Position Size % Calculated', 'Risk Per Trade % Calculated', 'ROI Calculated', 'Pips Gained/Lost Calculated', 'Days Held Calculated', 'Trade Result Calculated', 'Fill Rate Calculated']
2025-06-26 14:55:59,358 [INFO] Processing record 161 (ID: recSfhEhGjmUB1e9w)
2025-06-26 14:55:59,358 [INFO] Calculated metrics for record: {'R:R Ratio Calculated': 0, 'Risk Amount Calculated': 0, 'Position Size % Calculated': 0, 'Risk Per Trade % Calculated': 0, 'ROI Calculated': 0, 'Pips Gained/Lost Calculated': 0, 'Days Held Calculated': 0, 'Trade Result Calculated': 'Open', 'Fill Rate Calculated': 'Cancelled'}
2025-06-26 14:55:59,601 [INFO] Updated record 161 with calculated metrics: ['R:R Ratio Calculated', 'Risk Amount Calculated', 'Position Size % Calculated', 'Risk Per Trade % Calculated', 'ROI Calculated', 'Pips Gained/Lost Calculated', 'Days Held Calculated', 'Trade Result Calculated', 'Fill Rate Calculated']
2025-06-26 14:55:59,601 [INFO] Processing record 27 (ID: recTklRkJs59VpBbz)
2025-06-26 14:55:59,601 [INFO] Calculated metrics for record: {'R:R Ratio Calculated': 0.9, 'Risk Amount Calculated': 0.42, 'Position Size % Calculated': 0.0, 'Risk Per Trade % Calculated': 0.0, 'ROI Calculated': 0.0, 'Pips Gained/Lost Calculated': 0, 'Days Held Calculated': 0.0, 'Trade Result Calculated': 'Open', 'Fill Rate Calculated': 'Filled'}
2025-06-26 14:55:59,825 [INFO] Updated record 27 with calculated metrics: ['R:R Ratio Calculated', 'Risk Amount Calculated', 'Position Size % Calculated', 'Risk Per Trade % Calculated', 'ROI Calculated', 'Pips Gained/Lost Calculated', 'Days Held Calculated', 'Trade Result Calculated', 'Fill Rate Calculated']
2025-06-26 14:55:59,825 [INFO] Processing record 160 (ID: recUNcYQHrCQfzsE6)
2025-06-26 14:55:59,825 [INFO] Calculated metrics for record: {'R:R Ratio Calculated': 0, 'Risk Amount Calculated': 0, 'Position Size % Calculated': 0, 'Risk Per Trade % Calculated': 0, 'ROI Calculated': 0, 'Pips Gained/Lost Calculated': 0, 'Days Held Calculated': 0, 'Trade Result Calculated': 'Open', 'Fill Rate Calculated': 'Pending'}
2025-06-26 14:56:00,048 [INFO] Updated record 160 with calculated metrics: ['R:R Ratio Calculated', 'Risk Amount Calculated', 'Position Size % Calculated', 'Risk Per Trade % Calculated', 'ROI Calculated', 'Pips Gained/Lost Calculated', 'Days Held Calculated', 'Trade Result Calculated', 'Fill Rate Calculated']
2025-06-26 14:56:00,048 [INFO] Processing record 19 (ID: recVVegK7d5IG01wk)
2025-06-26 14:56:00,048 [INFO] Calculated metrics for record: {'R:R Ratio Calculated': 0, 'Risk Amount Calculated': 0, 'Position Size % Calculated': 0, 'Risk Per Trade % Calculated': 0, 'ROI Calculated': 0, 'Pips Gained/Lost Calculated': 0, 'Days Held Calculated': 0, 'Trade Result Calculated': 'Open', 'Fill Rate Calculated': 'Cancelled'}
2025-06-26 14:56:00,266 [INFO] Updated record 19 with calculated metrics: ['R:R Ratio Calculated', 'Risk Amount Calculated', 'Position Size % Calculated', 'Risk Per Trade % Calculated', 'ROI Calculated', 'Pips Gained/Lost Calculated', 'Days Held Calculated', 'Trade Result Calculated', 'Fill Rate Calculated']
2025-06-26 14:56:00,266 [INFO] Processing record 15 (ID: recWVnNmTTliaiPut)
2025-06-26 14:56:00,266 [INFO] Calculated metrics for record: {'R:R Ratio Calculated': 2.52, 'Risk Amount Calculated': 16.18, 'Position Size % Calculated': 0.02, 'Risk Per Trade % Calculated': 0.02, 'ROI Calculated': -99.99, 'Pips Gained/Lost Calculated': -43.7, 'Days Held Calculated': 0.0, 'Trade Result Calculated': 'Loss', 'Fill Rate Calculated': 'Filled'}
2025-06-26 14:56:00,483 [INFO] Updated record 15 with calculated metrics: ['R:R Ratio Calculated', 'Risk Amount Calculated', 'Position Size % Calculated', 'Risk Per Trade % Calculated', 'ROI Calculated', 'Pips Gained/Lost Calculated', 'Days Held Calculated', 'Trade Result Calculated', 'Fill Rate Calculated']
2025-06-26 14:56:00,483 [INFO] Processing record 149 (ID: recX6Fu2aTHV29OLn)
2025-06-26 14:56:00,483 [INFO] Calculated metrics for record: {'R:R Ratio Calculated': 0, 'Risk Amount Calculated': 0, 'Position Size % Calculated': 0, 'Risk Per Trade % Calculated': 0, 'ROI Calculated': 0, 'Pips Gained/Lost Calculated': 0, 'Days Held Calculated': 0, 'Trade Result Calculated': 'Open', 'Fill Rate Calculated': 'Cancelled'}
2025-06-26 14:56:00,675 [INFO] Updated record 149 with calculated metrics: ['R:R Ratio Calculated', 'Risk Amount Calculated', 'Position Size % Calculated', 'Risk Per Trade % Calculated', 'ROI Calculated', 'Pips Gained/Lost Calculated', 'Days Held Calculated', 'Trade Result Calculated', 'Fill Rate Calculated']
2025-06-26 14:56:00,691 [INFO] Processing record 119 (ID: recXW3WjEB3tFxKHy)
2025-06-26 14:56:00,691 [INFO] Calculated metrics for record: {'R:R Ratio Calculated': 0, 'Risk Amount Calculated': 0, 'Position Size % Calculated': 0, 'Risk Per Trade % Calculated': 0, 'ROI Calculated': 0, 'Pips Gained/Lost Calculated': 0, 'Days Held Calculated': 0, 'Trade Result Calculated': 'Open', 'Fill Rate Calculated': 'Pending'}
2025-06-26 14:56:00,915 [INFO] Updated record 119 with calculated metrics: ['R:R Ratio Calculated', 'Risk Amount Calculated', 'Position Size % Calculated', 'Risk Per Trade % Calculated', 'ROI Calculated', 'Pips Gained/Lost Calculated', 'Days Held Calculated', 'Trade Result Calculated', 'Fill Rate Calculated']
2025-06-26 14:56:00,915 [INFO] Processing record 177 (ID: recYyr2ZYLoTn2qhZ)
2025-06-26 14:56:00,915 [INFO] Calculated metrics for record: {'R:R Ratio Calculated': 4.51, 'Risk Amount Calculated': 6.81, 'Position Size % Calculated': 0.01, 'Risk Per Trade % Calculated': 0.01, 'ROI Calculated': 0.0, 'Pips Gained/Lost Calculated': 0, 'Days Held Calculated': 0.0, 'Trade Result Calculated': 'Open', 'Fill Rate Calculated': 'Filled'}
2025-06-26 14:56:01,122 [INFO] Updated record 177 with calculated metrics: ['R:R Ratio Calculated', 'Risk Amount Calculated', 'Position Size % Calculated', 'Risk Per Trade % Calculated', 'ROI Calculated', 'Pips Gained/Lost Calculated', 'Days Held Calculated', 'Trade Result Calculated', 'Fill Rate Calculated']
2025-06-26 14:56:01,122 [INFO] Processing record 48 (ID: recZ2iALpva9O4VpI)
2025-06-26 14:56:01,122 [INFO] Calculated metrics for record: {'R:R Ratio Calculated': 0, 'Risk Amount Calculated': 0, 'Position Size % Calculated': 0, 'Risk Per Trade % Calculated': 0, 'ROI Calculated': 0, 'Pips Gained/Lost Calculated': 0, 'Days Held Calculated': 0, 'Trade Result Calculated': 'Open', 'Fill Rate Calculated': 'Pending'}
2025-06-26 14:56:01,378 [INFO] Updated record 48 with calculated metrics: ['R:R Ratio Calculated', 'Risk Amount Calculated', 'Position Size % Calculated', 'Risk Per Trade % Calculated', 'ROI Calculated', 'Pips Gained/Lost Calculated', 'Days Held Calculated', 'Trade Result Calculated', 'Fill Rate Calculated']
2025-06-26 14:56:01,378 [INFO] Processing record 163 (ID: recZmsCsrfxSdKQpV)
2025-06-26 14:56:01,378 [INFO] Calculated metrics for record: {'R:R Ratio Calculated': 0, 'Risk Amount Calculated': 0, 'Position Size % Calculated': 0, 'Risk Per Trade % Calculated': 0, 'ROI Calculated': 0, 'Pips Gained/Lost Calculated': 0, 'Days Held Calculated': 0, 'Trade Result Calculated': 'Open', 'Fill Rate Calculated': 'Pending'}
2025-06-26 14:56:01,618 [INFO] Updated record 163 with calculated metrics: ['R:R Ratio Calculated', 'Risk Amount Calculated', 'Position Size % Calculated', 'Risk Per Trade % Calculated', 'ROI Calculated', 'Pips Gained/Lost Calculated', 'Days Held Calculated', 'Trade Result Calculated', 'Fill Rate Calculated']
2025-06-26 14:56:01,618 [INFO] Processing record 50 (ID: recbDdof3DUeHoyet)
2025-06-26 14:56:01,618 [INFO] Calculated metrics for record: {'R:R Ratio Calculated': 0, 'Risk Amount Calculated': 0, 'Position Size % Calculated': 0, 'Risk Per Trade % Calculated': 0, 'ROI Calculated': 0, 'Pips Gained/Lost Calculated': 0, 'Days Held Calculated': 0, 'Trade Result Calculated': 'Open', 'Fill Rate Calculated': 'Pending'}
2025-06-26 14:56:01,826 [INFO] Updated record 50 with calculated metrics: ['R:R Ratio Calculated', 'Risk Amount Calculated', 'Position Size % Calculated', 'Risk Per Trade % Calculated', 'ROI Calculated', 'Pips Gained/Lost Calculated', 'Days Held Calculated', 'Trade Result Calculated', 'Fill Rate Calculated']
2025-06-26 14:56:01,826 [INFO] Processing record 125 (ID: reccivucn972rvnHV)
2025-06-26 14:56:01,826 [INFO] Calculated metrics for record: {'R:R Ratio Calculated': 0, 'Risk Amount Calculated': 0, 'Position Size % Calculated': 0, 'Risk Per Trade % Calculated': 0, 'ROI Calculated': 0, 'Pips Gained/Lost Calculated': 0, 'Days Held Calculated': 0, 'Trade Result Calculated': 'Open', 'Fill Rate Calculated': 'Pending'}
2025-06-26 14:56:02,046 [INFO] Updated record 125 with calculated metrics: ['R:R Ratio Calculated', 'Risk Amount Calculated', 'Position Size % Calculated', 'Risk Per Trade % Calculated', 'ROI Calculated', 'Pips Gained/Lost Calculated', 'Days Held Calculated', 'Trade Result Calculated', 'Fill Rate Calculated']
2025-06-26 14:56:02,046 [INFO] Processing record 158 (ID: recfHaeX3vVy9TJ71)
2025-06-26 14:56:02,046 [INFO] Calculated metrics for record: {'R:R Ratio Calculated': 0, 'Risk Amount Calculated': 0, 'Position Size % Calculated': 0, 'Risk Per Trade % Calculated': 0, 'ROI Calculated': 0, 'Pips Gained/Lost Calculated': 0, 'Days Held Calculated': 0, 'Trade Result Calculated': 'Open', 'Fill Rate Calculated': 'Cancelled'}
2025-06-26 14:56:02,308 [INFO] Updated record 158 with calculated metrics: ['R:R Ratio Calculated', 'Risk Amount Calculated', 'Position Size % Calculated', 'Risk Per Trade % Calculated', 'ROI Calculated', 'Pips Gained/Lost Calculated', 'Days Held Calculated', 'Trade Result Calculated', 'Fill Rate Calculated']
2025-06-26 14:56:02,308 [INFO] Processing record 23 (ID: recfeXzGu1MC96dZp)
2025-06-26 14:56:02,308 [INFO] Calculated metrics for record: {'R:R Ratio Calculated': 0, 'Risk Amount Calculated': 0, 'Position Size % Calculated': 0, 'Risk Per Trade % Calculated': 0, 'ROI Calculated': 0, 'Pips Gained/Lost Calculated': 0, 'Days Held Calculated': 0, 'Trade Result Calculated': 'Open', 'Fill Rate Calculated': 'Pending'}
2025-06-26 14:56:02,515 [INFO] Updated record 23 with calculated metrics: ['R:R Ratio Calculated', 'Risk Amount Calculated', 'Position Size % Calculated', 'Risk Per Trade % Calculated', 'ROI Calculated', 'Pips Gained/Lost Calculated', 'Days Held Calculated', 'Trade Result Calculated', 'Fill Rate Calculated']
2025-06-26 14:56:02,521 [INFO] Processing record 126 (ID: recft44vWUfoAAmcU)
2025-06-26 14:56:02,521 [INFO] Calculated metrics for record: {'R:R Ratio Calculated': 13.37, 'Risk Amount Calculated': 2.61, 'Position Size % Calculated': 0.0, 'Risk Per Trade % Calculated': 0.0, 'ROI Calculated': -100.0, 'Pips Gained/Lost Calculated': -8.7, 'Days Held Calculated': 0.0, 'Trade Result Calculated': 'Loss', 'Fill Rate Calculated': 'Filled'}
2025-06-26 14:56:02,730 [INFO] Updated record 126 with calculated metrics: ['R:R Ratio Calculated', 'Risk Amount Calculated', 'Position Size % Calculated', 'Risk Per Trade % Calculated', 'ROI Calculated', 'Pips Gained/Lost Calculated', 'Days Held Calculated', 'Trade Result Calculated', 'Fill Rate Calculated']
2025-06-26 14:56:02,730 [INFO] Processing record 55 (ID: rechYONAuv6Ukv1ZH)
2025-06-26 14:56:02,730 [INFO] Calculated metrics for record: {'R:R Ratio Calculated': 3.95, 'Risk Amount Calculated': 2.07, 'Position Size % Calculated': 0.0, 'Risk Per Trade % Calculated': 0.0, 'ROI Calculated': -100.97, 'Pips Gained/Lost Calculated': -20.9, 'Days Held Calculated': 0.0, 'Trade Result Calculated': 'Loss', 'Fill Rate Calculated': 'Filled'}
2025-06-26 14:56:02,943 [INFO] Updated record 55 with calculated metrics: ['R:R Ratio Calculated', 'Risk Amount Calculated', 'Position Size % Calculated', 'Risk Per Trade % Calculated', 'ROI Calculated', 'Pips Gained/Lost Calculated', 'Days Held Calculated', 'Trade Result Calculated', 'Fill Rate Calculated']
2025-06-26 14:56:02,943 [INFO] Processing record 45 (ID: reci5Cps24Q1nQHp8)
2025-06-26 14:56:02,943 [INFO] Calculated metrics for record: {'R:R Ratio Calculated': 5.06, 'Risk Amount Calculated': 1386.0, 'Position Size % Calculated': 1.39, 'Risk Per Trade % Calculated': 1.39, 'ROI Calculated': -0.69, 'Pips Gained/Lost Calculated': -19.8, 'Days Held Calculated': 0.42, 'Trade Result Calculated': 'Loss', 'Fill Rate Calculated': 'Filled'}
2025-06-26 14:56:03,150 [INFO] Updated record 45 with calculated metrics: ['R:R Ratio Calculated', 'Risk Amount Calculated', 'Position Size % Calculated', 'Risk Per Trade % Calculated', 'ROI Calculated', 'Pips Gained/Lost Calculated', 'Days Held Calculated', 'Trade Result Calculated', 'Fill Rate Calculated']
2025-06-26 14:56:03,150 [INFO] Processing record 151 (ID: reciimKQ0Y5PwdtBn)
2025-06-26 14:56:03,150 [INFO] Calculated metrics for record: {'R:R Ratio Calculated': 0, 'Risk Amount Calculated': 0, 'Position Size % Calculated': 0, 'Risk Per Trade % Calculated': 0, 'ROI Calculated': 0, 'Pips Gained/Lost Calculated': 0, 'Days Held Calculated': 0, 'Trade Result Calculated': 'Open', 'Fill Rate Calculated': 'Pending'}
2025-06-26 14:56:03,390 [INFO] Updated record 151 with calculated metrics: ['R:R Ratio Calculated', 'Risk Amount Calculated', 'Position Size % Calculated', 'Risk Per Trade % Calculated', 'ROI Calculated', 'Pips Gained/Lost Calculated', 'Days Held Calculated', 'Trade Result Calculated', 'Fill Rate Calculated']
2025-06-26 14:56:03,390 [INFO] Processing record 24 (ID: recj8aIwpMlz2hajt)
2025-06-26 14:56:03,390 [INFO] Calculated metrics for record: {'R:R Ratio Calculated': 0, 'Risk Amount Calculated': 0, 'Position Size % Calculated': 0, 'Risk Per Trade % Calculated': 0, 'ROI Calculated': 0, 'Pips Gained/Lost Calculated': 0, 'Days Held Calculated': 0, 'Trade Result Calculated': 'Open', 'Fill Rate Calculated': 'Pending'}
2025-06-26 14:56:03,631 [INFO] Updated record 24 with calculated metrics: ['R:R Ratio Calculated', 'Risk Amount Calculated', 'Position Size % Calculated', 'Risk Per Trade % Calculated', 'ROI Calculated', 'Pips Gained/Lost Calculated', 'Days Held Calculated', 'Trade Result Calculated', 'Fill Rate Calculated']
2025-06-26 14:56:03,631 [INFO] Processing record 65 (ID: recl0gutDQIdZZCvJ)
2025-06-26 14:56:03,631 [INFO] Calculated metrics for record: {'R:R Ratio Calculated': 0, 'Risk Amount Calculated': 0, 'Position Size % Calculated': 0, 'Risk Per Trade % Calculated': 0, 'ROI Calculated': 0, 'Pips Gained/Lost Calculated': 0, 'Days Held Calculated': 0, 'Trade Result Calculated': 'Open', 'Fill Rate Calculated': 'Pending'}
2025-06-26 14:56:03,858 [INFO] Updated record 65 with calculated metrics: ['R:R Ratio Calculated', 'Risk Amount Calculated', 'Position Size % Calculated', 'Risk Per Trade % Calculated', 'ROI Calculated', 'Pips Gained/Lost Calculated', 'Days Held Calculated', 'Trade Result Calculated', 'Fill Rate Calculated']
2025-06-26 14:56:03,858 [INFO] Processing record 26 (ID: recqSCAqx4gBw9IQa)
2025-06-26 14:56:03,858 [INFO] Calculated metrics for record: {'R:R Ratio Calculated': 0, 'Risk Amount Calculated': 0, 'Position Size % Calculated': 0, 'Risk Per Trade % Calculated': 0, 'ROI Calculated': 0, 'Pips Gained/Lost Calculated': 0, 'Days Held Calculated': 0, 'Trade Result Calculated': 'Open', 'Fill Rate Calculated': 'Pending'}
2025-06-26 14:56:04,110 [INFO] Updated record 26 with calculated metrics: ['R:R Ratio Calculated', 'Risk Amount Calculated', 'Position Size % Calculated', 'Risk Per Trade % Calculated', 'ROI Calculated', 'Pips Gained/Lost Calculated', 'Days Held Calculated', 'Trade Result Calculated', 'Fill Rate Calculated']
2025-06-26 14:56:04,110 [INFO] Processing record 173 (ID: recr42yH2w6K9zljr)
2025-06-26 14:56:04,110 [INFO] Calculated metrics for record: {'R:R Ratio Calculated': 10.06, 'Risk Amount Calculated': 3.39, 'Position Size % Calculated': 0.0, 'Risk Per Trade % Calculated': 0.0, 'ROI Calculated': 0.0, 'Pips Gained/Lost Calculated': 0, 'Days Held Calculated': 0.0, 'Trade Result Calculated': 'Open', 'Fill Rate Calculated': 'Filled'}
2025-06-26 14:56:04,331 [INFO] Updated record 173 with calculated metrics: ['R:R Ratio Calculated', 'Risk Amount Calculated', 'Position Size % Calculated', 'Risk Per Trade % Calculated', 'ROI Calculated', 'Pips Gained/Lost Calculated', 'Days Held Calculated', 'Trade Result Calculated', 'Fill Rate Calculated']
2025-06-26 14:56:04,331 [INFO] Processing record 100 (ID: recsllLuOUq6jOgjv)
2025-06-26 14:56:04,333 [INFO] Calculated metrics for record: {'R:R Ratio Calculated': 3.8, 'Risk Amount Calculated': 10.6, 'Position Size % Calculated': 0.01, 'Risk Per Trade % Calculated': 0.01, 'ROI Calculated': 0.0, 'Pips Gained/Lost Calculated': 0, 'Days Held Calculated': 0.0, 'Trade Result Calculated': 'Open', 'Fill Rate Calculated': 'Filled'}
2025-06-26 14:56:04,541 [INFO] Updated record 100 with calculated metrics: ['R:R Ratio Calculated', 'Risk Amount Calculated', 'Position Size % Calculated', 'Risk Per Trade % Calculated', 'ROI Calculated', 'Pips Gained/Lost Calculated', 'Days Held Calculated', 'Trade Result Calculated', 'Fill Rate Calculated']
2025-06-26 14:56:04,541 [INFO] Processing record 12 (ID: rectOyZ5VfXU4nZh1)
2025-06-26 14:56:04,541 [INFO] Calculated metrics for record: {'R:R Ratio Calculated': 0, 'Risk Amount Calculated': 0, 'Position Size % Calculated': 0, 'Risk Per Trade % Calculated': 0, 'ROI Calculated': 0, 'Pips Gained/Lost Calculated': 0, 'Days Held Calculated': 0, 'Trade Result Calculated': 'Open', 'Fill Rate Calculated': 'Pending'}
2025-06-26 14:56:04,757 [INFO] Updated record 12 with calculated metrics: ['R:R Ratio Calculated', 'Risk Amount Calculated', 'Position Size % Calculated', 'Risk Per Trade % Calculated', 'ROI Calculated', 'Pips Gained/Lost Calculated', 'Days Held Calculated', 'Trade Result Calculated', 'Fill Rate Calculated']
2025-06-26 14:56:04,757 [INFO] Processing record 118 (ID: recuccdnsOdAex4OE)
2025-06-26 14:56:04,757 [INFO] Calculated metrics for record: {'R:R Ratio Calculated': 0, 'Risk Amount Calculated': 0, 'Position Size % Calculated': 0, 'Risk Per Trade % Calculated': 0, 'ROI Calculated': 0, 'Pips Gained/Lost Calculated': 0, 'Days Held Calculated': 0, 'Trade Result Calculated': 'Open', 'Fill Rate Calculated': 'Pending'}
2025-06-26 14:56:04,956 [INFO] Updated record 118 with calculated metrics: ['R:R Ratio Calculated', 'Risk Amount Calculated', 'Position Size % Calculated', 'Risk Per Trade % Calculated', 'ROI Calculated', 'Pips Gained/Lost Calculated', 'Days Held Calculated', 'Trade Result Calculated', 'Fill Rate Calculated']
2025-06-26 14:56:04,956 [INFO] Processing record 51 (ID: recvT2PY4wYIkytgR)
2025-06-26 14:56:04,956 [INFO] Calculated metrics for record: {'R:R Ratio Calculated': 4.16, 'Risk Amount Calculated': 2.09, 'Position Size % Calculated': 0.0, 'Risk Per Trade % Calculated': 0.0, 'ROI Calculated': -74.02, 'Pips Gained/Lost Calculated': -21.1, 'Days Held Calculated': 0.0, 'Trade Result Calculated': 'Loss', 'Fill Rate Calculated': 'Filled'}
2025-06-26 14:56:05,200 [INFO] Updated record 51 with calculated metrics: ['R:R Ratio Calculated', 'Risk Amount Calculated', 'Position Size % Calculated', 'Risk Per Trade % Calculated', 'ROI Calculated', 'Pips Gained/Lost Calculated', 'Days Held Calculated', 'Trade Result Calculated', 'Fill Rate Calculated']
2025-06-26 14:56:05,200 [INFO] Processing record 95 (ID: recwifohyNauleaKE)
2025-06-26 14:56:05,200 [INFO] Calculated metrics for record: {'R:R Ratio Calculated': 4.18, 'Risk Amount Calculated': 10.45, 'Position Size % Calculated': 0.01, 'Risk Per Trade % Calculated': 0.01, 'ROI Calculated': 418.18, 'Pips Gained/Lost Calculated': 87.4, 'Days Held Calculated': 0.0, 'Trade Result Calculated': 'Win', 'Fill Rate Calculated': 'Filled'}
2025-06-26 14:56:05,436 [INFO] Updated record 95 with calculated metrics: ['R:R Ratio Calculated', 'Risk Amount Calculated', 'Position Size % Calculated', 'Risk Per Trade % Calculated', 'ROI Calculated', 'Pips Gained/Lost Calculated', 'Days Held Calculated', 'Trade Result Calculated', 'Fill Rate Calculated']
2025-06-26 14:56:05,452 [INFO] Processing record 91 (ID: recxggc5XsqeTQagq)
2025-06-26 14:56:05,452 [INFO] Calculated metrics for record: {'R:R Ratio Calculated': 4.7, 'Risk Amount Calculated': 10.4, 'Position Size % Calculated': 0.01, 'Risk Per Trade % Calculated': 0.01, 'ROI Calculated': 469.71, 'Pips Gained/Lost Calculated': 97.7, 'Days Held Calculated': 0.0, 'Trade Result Calculated': 'Win', 'Fill Rate Calculated': 'Filled'}
2025-06-26 14:56:05,705 [INFO] Updated record 91 with calculated metrics: ['R:R Ratio Calculated', 'Risk Amount Calculated', 'Position Size % Calculated', 'Risk Per Trade % Calculated', 'ROI Calculated', 'Pips Gained/Lost Calculated', 'Days Held Calculated', 'Trade Result Calculated', 'Fill Rate Calculated']
2025-06-26 14:56:05,705 [INFO] Processing record 168 (ID: reczwGw4ft7MioaGn)
2025-06-26 14:56:05,707 [INFO] Calculated metrics for record: {'R:R Ratio Calculated': 0, 'Risk Amount Calculated': 0, 'Position Size % Calculated': 0, 'Risk Per Trade % Calculated': 0, 'ROI Calculated': 0, 'Pips Gained/Lost Calculated': 0, 'Days Held Calculated': 0, 'Trade Result Calculated': 'Open', 'Fill Rate Calculated': 'Pending'}
2025-06-26 14:56:05,930 [INFO] Updated record 168 with calculated metrics: ['R:R Ratio Calculated', 'Risk Amount Calculated', 'Position Size % Calculated', 'Risk Per Trade % Calculated', 'ROI Calculated', 'Pips Gained/Lost Calculated', 'Days Held Calculated', 'Trade Result Calculated', 'Fill Rate Calculated']
2025-06-26 14:56:05,930 [INFO] Analytics calculation completed. Updated: 54, Errors: 0
2025-06-26 14:56:05,930 [INFO] Generating summary statistics...
2025-06-26 14:56:06,097 [INFO] ==================================================
2025-06-26 14:56:06,097 [INFO] TRADING ANALYTICS SUMMARY
2025-06-26 14:56:06,097 [INFO] ==================================================
2025-06-26 14:56:06,097 [INFO] Total Orders: 54
2025-06-26 14:56:06,097 [INFO] Filled: 18 | Cancelled: 10 | Pending: 26
2025-06-26 14:56:06,097 [INFO] Hit Rate: 64.3% (18/28)
2025-06-26 14:56:06,097 [INFO] Trade Results: 4 Wins | 9 Losses | 41 Breakevens
2025-06-26 14:56:06,097 [INFO] Win Rate: 30.8% (4/13)
2025-06-26 14:56:06,097 [INFO] Total P/L: $49.04
2025-06-26 14:56:06,097 [INFO] Total Risk: $1499.63
2025-06-26 14:56:06,097 [INFO] Risk-Adjusted Return: 3.3%
2025-06-26 14:56:06,097 [INFO] ==================================================
2025-06-26 14:56:06,097 [INFO] Analytics calculation completed successfully!
